2025-03-27 10:45:21 [main] INFO  org.hibernate.jpa.internal.util.LogHelper - HHH000204: Processing PersistenceUnitInfo [name: myPersistenceUnit]
2025-03-27 10:45:21 [main] INFO  org.hibernate.Version - HHH000412: Hibernate ORM core version 6.2.18.Final
2025-03-27 10:45:21 [main] INFO  org.hibernate.cfg.Environment - HHH000406: Using bytecode reflection optimizer
2025-03-27 10:45:22 [main] WARN  org.hibernate.orm.connections.pooling - HHH10001002: Using built-in connection pool (not intended for production use)
2025-03-27 10:45:22 [main] INFO  org.hibernate.orm.connections.pooling - HHH10001005: Loaded JDBC driver class: org.postgresql.Driver
2025-03-27 10:45:22 [main] INFO  org.hibernate.orm.connections.pooling - HHH10001012: Connecting with JDBC URL [jdbc:postgresql://172.16.1.195:5331/dbhdemo]
2025-03-27 10:45:22 [main] INFO  org.hibernate.orm.connections.pooling - HHH10001001: Connection properties: {user=dbhuser, password=****}
2025-03-27 10:45:22 [main] INFO  org.hibernate.orm.connections.pooling - HHH10001003: Autocommit mode: false
2025-03-27 10:45:22 [main] INFO  org.hibernate.orm.connections.pooling - HHH10001115: Connection pool size: 20 (min=1)
2025-03-27 10:45:23 [main] INFO  org.hibernate.id.enhanced.TableGenerator - HHH000398: Explicit segment value for id generator [hibernate_sequences.sequence_name] suggested; using default [default]
2025-03-27 10:45:24 [main] INFO  org.hibernate.engine.transaction.jta.platform.internal.JtaPlatformInitiator - HHH000489: No JTA platform available (set 'hibernate.transaction.jta.platform' to enable JTA platform integration)
2025-03-27 10:45:24 [main] INFO  org.hibernate.orm.connections.access - HHH10001501: Connection obtained from JdbcConnectionAccess [org.hibernate.engine.jdbc.env.internal.JdbcEnvironmentInitiator$ConnectionProviderJdbcConnectionAccess@27358a19] for (non-JTA) DDL execution was not in auto-commit mode; the Connection 'local transaction' will be committed and the Connection will be set into auto-commit mode.
2025-03-27 10:45:25 [main] INFO  org.hibernate.jpa.internal.util.LogHelper - HHH000204: Processing PersistenceUnitInfo [name: myPersistenceUnit]
2025-03-27 10:45:25 [main] WARN  org.hibernate.orm.connections.pooling - HHH10001002: Using built-in connection pool (not intended for production use)
2025-03-27 10:45:25 [main] INFO  org.hibernate.orm.connections.pooling - HHH10001005: Loaded JDBC driver class: org.postgresql.Driver
2025-03-27 10:45:25 [main] INFO  org.hibernate.orm.connections.pooling - HHH10001012: Connecting with JDBC URL [jdbc:postgresql://172.16.1.195:5331/dbhdemo]
2025-03-27 10:45:25 [main] INFO  org.hibernate.orm.connections.pooling - HHH10001001: Connection properties: {user=dbhuser, password=****}
2025-03-27 10:45:25 [main] INFO  org.hibernate.orm.connections.pooling - HHH10001003: Autocommit mode: false
2025-03-27 10:45:25 [main] INFO  org.hibernate.orm.connections.pooling - HHH10001115: Connection pool size: 20 (min=1)
2025-03-27 10:45:25 [main] INFO  org.hibernate.id.enhanced.TableGenerator - HHH000398: Explicit segment value for id generator [hibernate_sequences.sequence_name] suggested; using default [default]
2025-03-27 10:45:26 [main] INFO  org.hibernate.engine.transaction.jta.platform.internal.JtaPlatformInitiator - HHH000489: No JTA platform available (set 'hibernate.transaction.jta.platform' to enable JTA platform integration)
2025-03-27 10:45:26 [main] INFO  org.hibernate.orm.connections.access - HHH10001501: Connection obtained from JdbcConnectionAccess [org.hibernate.engine.jdbc.env.internal.JdbcEnvironmentInitiator$ConnectionProviderJdbcConnectionAccess@6866e740] for (non-JTA) DDL execution was not in auto-commit mode; the Connection 'local transaction' will be committed and the Connection will be set into auto-commit mode.
2025-03-27 10:45:26 [main] INFO  org.hibernate.jpa.internal.util.LogHelper - HHH000204: Processing PersistenceUnitInfo [name: myPersistenceUnit]
2025-03-27 10:45:26 [main] WARN  org.hibernate.orm.connections.pooling - HHH10001002: Using built-in connection pool (not intended for production use)
2025-03-27 10:45:26 [main] INFO  org.hibernate.orm.connections.pooling - HHH10001005: Loaded JDBC driver class: org.postgresql.Driver
2025-03-27 10:45:26 [main] INFO  org.hibernate.orm.connections.pooling - HHH10001012: Connecting with JDBC URL [jdbc:postgresql://172.16.1.195:5331/dbhdemo]
2025-03-27 10:45:26 [main] INFO  org.hibernate.orm.connections.pooling - HHH10001001: Connection properties: {user=dbhuser, password=****}
2025-03-27 10:45:26 [main] INFO  org.hibernate.orm.connections.pooling - HHH10001003: Autocommit mode: false
2025-03-27 10:45:26 [main] INFO  org.hibernate.orm.connections.pooling - HHH10001115: Connection pool size: 20 (min=1)
2025-03-27 10:45:26 [main] INFO  org.hibernate.id.enhanced.TableGenerator - HHH000398: Explicit segment value for id generator [hibernate_sequences.sequence_name] suggested; using default [default]
2025-03-27 10:45:26 [main] INFO  org.hibernate.engine.transaction.jta.platform.internal.JtaPlatformInitiator - HHH000489: No JTA platform available (set 'hibernate.transaction.jta.platform' to enable JTA platform integration)
2025-03-27 10:45:26 [main] INFO  org.hibernate.orm.connections.access - HHH10001501: Connection obtained from JdbcConnectionAccess [org.hibernate.engine.jdbc.env.internal.JdbcEnvironmentInitiator$ConnectionProviderJdbcConnectionAccess@18be3205] for (non-JTA) DDL execution was not in auto-commit mode; the Connection 'local transaction' will be committed and the Connection will be set into auto-commit mode.
2025-03-27 10:45:27 [main] INFO  org.hibernate.jpa.internal.util.LogHelper - HHH000204: Processing PersistenceUnitInfo [name: myPersistenceUnit]
2025-03-27 10:45:27 [main] WARN  org.hibernate.orm.connections.pooling - HHH10001002: Using built-in connection pool (not intended for production use)
2025-03-27 10:45:27 [main] INFO  org.hibernate.orm.connections.pooling - HHH10001005: Loaded JDBC driver class: org.postgresql.Driver
2025-03-27 10:45:27 [main] INFO  org.hibernate.orm.connections.pooling - HHH10001012: Connecting with JDBC URL [jdbc:postgresql://172.16.1.195:5331/dbhdemo]
2025-03-27 10:45:27 [main] INFO  org.hibernate.orm.connections.pooling - HHH10001001: Connection properties: {user=dbhuser, password=****}
2025-03-27 10:45:27 [main] INFO  org.hibernate.orm.connections.pooling - HHH10001003: Autocommit mode: false
2025-03-27 10:45:27 [main] INFO  org.hibernate.orm.connections.pooling - HHH10001115: Connection pool size: 20 (min=1)
2025-03-27 10:45:27 [main] INFO  org.hibernate.id.enhanced.TableGenerator - HHH000398: Explicit segment value for id generator [hibernate_sequences.sequence_name] suggested; using default [default]
2025-03-27 10:45:27 [main] INFO  org.hibernate.engine.transaction.jta.platform.internal.JtaPlatformInitiator - HHH000489: No JTA platform available (set 'hibernate.transaction.jta.platform' to enable JTA platform integration)
2025-03-27 10:45:27 [main] INFO  org.hibernate.orm.connections.access - HHH10001501: Connection obtained from JdbcConnectionAccess [org.hibernate.engine.jdbc.env.internal.JdbcEnvironmentInitiator$ConnectionProviderJdbcConnectionAccess@1f0f92f5] for (non-JTA) DDL execution was not in auto-commit mode; the Connection 'local transaction' will be committed and the Connection will be set into auto-commit mode.
2025-03-27 10:56:34 [main] INFO  org.hibernate.jpa.internal.util.LogHelper - HHH000204: Processing PersistenceUnitInfo [name: myPersistenceUnit]
2025-03-27 10:56:34 [main] INFO  org.hibernate.Version - HHH000412: Hibernate ORM core version 6.2.18.Final
2025-03-27 10:56:34 [main] INFO  org.hibernate.cfg.Environment - HHH000406: Using bytecode reflection optimizer
2025-03-27 10:56:35 [main] WARN  org.hibernate.orm.connections.pooling - HHH10001002: Using built-in connection pool (not intended for production use)
2025-03-27 10:56:35 [main] INFO  org.hibernate.orm.connections.pooling - HHH10001005: Loaded JDBC driver class: org.postgresql.Driver
2025-03-27 10:56:35 [main] INFO  org.hibernate.orm.connections.pooling - HHH10001012: Connecting with JDBC URL [jdbc:postgresql://172.16.1.195:5331/dbhdemo]
2025-03-27 10:56:35 [main] INFO  org.hibernate.orm.connections.pooling - HHH10001001: Connection properties: {user=dbhuser, password=****}
2025-03-27 10:56:35 [main] INFO  org.hibernate.orm.connections.pooling - HHH10001003: Autocommit mode: false
2025-03-27 10:56:35 [main] INFO  org.hibernate.orm.connections.pooling - HHH10001115: Connection pool size: 20 (min=1)
2025-03-27 10:56:36 [main] INFO  org.hibernate.id.enhanced.TableGenerator - HHH000398: Explicit segment value for id generator [hibernate_sequences.sequence_name] suggested; using default [default]
2025-03-27 10:56:37 [main] INFO  org.hibernate.engine.transaction.jta.platform.internal.JtaPlatformInitiator - HHH000489: No JTA platform available (set 'hibernate.transaction.jta.platform' to enable JTA platform integration)
2025-03-27 10:56:37 [main] INFO  org.hibernate.orm.connections.access - HHH10001501: Connection obtained from JdbcConnectionAccess [org.hibernate.engine.jdbc.env.internal.JdbcEnvironmentInitiator$ConnectionProviderJdbcConnectionAccess@3ef3f661] for (non-JTA) DDL execution was not in auto-commit mode; the Connection 'local transaction' will be committed and the Connection will be set into auto-commit mode.
2025-03-27 10:56:38 [main] INFO  org.hibernate.jpa.internal.util.LogHelper - HHH000204: Processing PersistenceUnitInfo [name: myPersistenceUnit]
2025-03-27 10:56:38 [main] WARN  org.hibernate.orm.connections.pooling - HHH10001002: Using built-in connection pool (not intended for production use)
2025-03-27 10:56:38 [main] INFO  org.hibernate.orm.connections.pooling - HHH10001005: Loaded JDBC driver class: org.postgresql.Driver
2025-03-27 10:56:38 [main] INFO  org.hibernate.orm.connections.pooling - HHH10001012: Connecting with JDBC URL [jdbc:postgresql://172.16.1.195:5331/dbhdemo]
2025-03-27 10:56:38 [main] INFO  org.hibernate.orm.connections.pooling - HHH10001001: Connection properties: {user=dbhuser, password=****}
2025-03-27 10:56:38 [main] INFO  org.hibernate.orm.connections.pooling - HHH10001003: Autocommit mode: false
2025-03-27 10:56:38 [main] INFO  org.hibernate.orm.connections.pooling - HHH10001115: Connection pool size: 20 (min=1)
2025-03-27 10:56:38 [main] INFO  org.hibernate.id.enhanced.TableGenerator - HHH000398: Explicit segment value for id generator [hibernate_sequences.sequence_name] suggested; using default [default]
2025-03-27 10:56:38 [main] INFO  org.hibernate.engine.transaction.jta.platform.internal.JtaPlatformInitiator - HHH000489: No JTA platform available (set 'hibernate.transaction.jta.platform' to enable JTA platform integration)
2025-03-27 10:56:38 [main] INFO  org.hibernate.orm.connections.access - HHH10001501: Connection obtained from JdbcConnectionAccess [org.hibernate.engine.jdbc.env.internal.JdbcEnvironmentInitiator$ConnectionProviderJdbcConnectionAccess@73a5d86c] for (non-JTA) DDL execution was not in auto-commit mode; the Connection 'local transaction' will be committed and the Connection will be set into auto-commit mode.
2025-03-27 10:56:39 [main] INFO  org.hibernate.jpa.internal.util.LogHelper - HHH000204: Processing PersistenceUnitInfo [name: myPersistenceUnit]
2025-03-27 10:56:39 [main] WARN  org.hibernate.orm.connections.pooling - HHH10001002: Using built-in connection pool (not intended for production use)
2025-03-27 10:56:39 [main] INFO  org.hibernate.orm.connections.pooling - HHH10001005: Loaded JDBC driver class: org.postgresql.Driver
2025-03-27 10:56:39 [main] INFO  org.hibernate.orm.connections.pooling - HHH10001012: Connecting with JDBC URL [jdbc:postgresql://172.16.1.195:5331/dbhdemo]
2025-03-27 10:56:39 [main] INFO  org.hibernate.orm.connections.pooling - HHH10001001: Connection properties: {user=dbhuser, password=****}
2025-03-27 10:56:39 [main] INFO  org.hibernate.orm.connections.pooling - HHH10001003: Autocommit mode: false
2025-03-27 10:56:39 [main] INFO  org.hibernate.orm.connections.pooling - HHH10001115: Connection pool size: 20 (min=1)
2025-03-27 10:56:39 [main] INFO  org.hibernate.id.enhanced.TableGenerator - HHH000398: Explicit segment value for id generator [hibernate_sequences.sequence_name] suggested; using default [default]
2025-03-27 10:56:39 [main] INFO  org.hibernate.engine.transaction.jta.platform.internal.JtaPlatformInitiator - HHH000489: No JTA platform available (set 'hibernate.transaction.jta.platform' to enable JTA platform integration)
2025-03-27 10:56:39 [main] INFO  org.hibernate.orm.connections.access - HHH10001501: Connection obtained from JdbcConnectionAccess [org.hibernate.engine.jdbc.env.internal.JdbcEnvironmentInitiator$ConnectionProviderJdbcConnectionAccess@4153a832] for (non-JTA) DDL execution was not in auto-commit mode; the Connection 'local transaction' will be committed and the Connection will be set into auto-commit mode.
2025-03-27 10:56:39 [main] INFO  org.hibernate.jpa.internal.util.LogHelper - HHH000204: Processing PersistenceUnitInfo [name: myPersistenceUnit]
2025-03-27 10:56:39 [main] WARN  org.hibernate.orm.connections.pooling - HHH10001002: Using built-in connection pool (not intended for production use)
2025-03-27 10:56:39 [main] INFO  org.hibernate.orm.connections.pooling - HHH10001005: Loaded JDBC driver class: org.postgresql.Driver
2025-03-27 10:56:39 [main] INFO  org.hibernate.orm.connections.pooling - HHH10001012: Connecting with JDBC URL [jdbc:postgresql://172.16.1.195:5331/dbhdemo]
2025-03-27 10:56:39 [main] INFO  org.hibernate.orm.connections.pooling - HHH10001001: Connection properties: {user=dbhuser, password=****}
2025-03-27 10:56:39 [main] INFO  org.hibernate.orm.connections.pooling - HHH10001003: Autocommit mode: false
2025-03-27 10:56:39 [main] INFO  org.hibernate.orm.connections.pooling - HHH10001115: Connection pool size: 20 (min=1)
2025-03-27 10:56:39 [main] INFO  org.hibernate.id.enhanced.TableGenerator - HHH000398: Explicit segment value for id generator [hibernate_sequences.sequence_name] suggested; using default [default]
2025-03-27 10:56:39 [main] INFO  org.hibernate.engine.transaction.jta.platform.internal.JtaPlatformInitiator - HHH000489: No JTA platform available (set 'hibernate.transaction.jta.platform' to enable JTA platform integration)
2025-03-27 10:56:39 [main] INFO  org.hibernate.orm.connections.access - HHH10001501: Connection obtained from JdbcConnectionAccess [org.hibernate.engine.jdbc.env.internal.JdbcEnvironmentInitiator$ConnectionProviderJdbcConnectionAccess@49741274] for (non-JTA) DDL execution was not in auto-commit mode; the Connection 'local transaction' will be committed and the Connection will be set into auto-commit mode.
2025-03-27 10:57:18 [main] INFO  org.hibernate.jpa.internal.util.LogHelper - HHH000204: Processing PersistenceUnitInfo [name: myPersistenceUnit]
2025-03-27 10:57:18 [main] INFO  org.hibernate.Version - HHH000412: Hibernate ORM core version 6.2.18.Final
2025-03-27 10:57:18 [main] INFO  org.hibernate.cfg.Environment - HHH000406: Using bytecode reflection optimizer
2025-03-27 10:57:19 [main] WARN  org.hibernate.orm.connections.pooling - HHH10001002: Using built-in connection pool (not intended for production use)
2025-03-27 10:57:19 [main] INFO  org.hibernate.orm.connections.pooling - HHH10001005: Loaded JDBC driver class: org.postgresql.Driver
2025-03-27 10:57:19 [main] INFO  org.hibernate.orm.connections.pooling - HHH10001012: Connecting with JDBC URL [jdbc:postgresql://172.16.1.195:5331/dbhdemo]
2025-03-27 10:57:19 [main] INFO  org.hibernate.orm.connections.pooling - HHH10001001: Connection properties: {user=dbhuser, password=****}
2025-03-27 10:57:19 [main] INFO  org.hibernate.orm.connections.pooling - HHH10001003: Autocommit mode: false
2025-03-27 10:57:19 [main] INFO  org.hibernate.orm.connections.pooling - HHH10001115: Connection pool size: 20 (min=1)
2025-03-27 10:57:19 [main] INFO  org.hibernate.id.enhanced.TableGenerator - HHH000398: Explicit segment value for id generator [hibernate_sequences.sequence_name] suggested; using default [default]
2025-03-27 10:57:21 [main] INFO  org.hibernate.engine.transaction.jta.platform.internal.JtaPlatformInitiator - HHH000489: No JTA platform available (set 'hibernate.transaction.jta.platform' to enable JTA platform integration)
2025-03-27 10:57:21 [main] INFO  org.hibernate.orm.connections.access - HHH10001501: Connection obtained from JdbcConnectionAccess [org.hibernate.engine.jdbc.env.internal.JdbcEnvironmentInitiator$ConnectionProviderJdbcConnectionAccess@3ef3f661] for (non-JTA) DDL execution was not in auto-commit mode; the Connection 'local transaction' will be committed and the Connection will be set into auto-commit mode.
2025-03-27 10:57:22 [main] INFO  org.hibernate.jpa.internal.util.LogHelper - HHH000204: Processing PersistenceUnitInfo [name: myPersistenceUnit]
2025-03-27 10:57:22 [main] WARN  org.hibernate.orm.connections.pooling - HHH10001002: Using built-in connection pool (not intended for production use)
2025-03-27 10:57:22 [main] INFO  org.hibernate.orm.connections.pooling - HHH10001005: Loaded JDBC driver class: org.postgresql.Driver
2025-03-27 10:57:22 [main] INFO  org.hibernate.orm.connections.pooling - HHH10001012: Connecting with JDBC URL [jdbc:postgresql://172.16.1.195:5331/dbhdemo]
2025-03-27 10:57:22 [main] INFO  org.hibernate.orm.connections.pooling - HHH10001001: Connection properties: {user=dbhuser, password=****}
2025-03-27 10:57:22 [main] INFO  org.hibernate.orm.connections.pooling - HHH10001003: Autocommit mode: false
2025-03-27 10:57:22 [main] INFO  org.hibernate.orm.connections.pooling - HHH10001115: Connection pool size: 20 (min=1)
2025-03-27 10:57:22 [main] INFO  org.hibernate.id.enhanced.TableGenerator - HHH000398: Explicit segment value for id generator [hibernate_sequences.sequence_name] suggested; using default [default]
2025-03-27 10:57:22 [main] INFO  org.hibernate.engine.transaction.jta.platform.internal.JtaPlatformInitiator - HHH000489: No JTA platform available (set 'hibernate.transaction.jta.platform' to enable JTA platform integration)
2025-03-27 10:57:22 [main] INFO  org.hibernate.orm.connections.access - HHH10001501: Connection obtained from JdbcConnectionAccess [org.hibernate.engine.jdbc.env.internal.JdbcEnvironmentInitiator$ConnectionProviderJdbcConnectionAccess@73a5d86c] for (non-JTA) DDL execution was not in auto-commit mode; the Connection 'local transaction' will be committed and the Connection will be set into auto-commit mode.
2025-03-27 10:57:22 [main] INFO  org.hibernate.jpa.internal.util.LogHelper - HHH000204: Processing PersistenceUnitInfo [name: myPersistenceUnit]
2025-03-27 10:57:22 [main] WARN  org.hibernate.orm.connections.pooling - HHH10001002: Using built-in connection pool (not intended for production use)
2025-03-27 10:57:22 [main] INFO  org.hibernate.orm.connections.pooling - HHH10001005: Loaded JDBC driver class: org.postgresql.Driver
2025-03-27 10:57:22 [main] INFO  org.hibernate.orm.connections.pooling - HHH10001012: Connecting with JDBC URL [jdbc:postgresql://172.16.1.195:5331/dbhdemo]
2025-03-27 10:57:22 [main] INFO  org.hibernate.orm.connections.pooling - HHH10001001: Connection properties: {user=dbhuser, password=****}
2025-03-27 10:57:22 [main] INFO  org.hibernate.orm.connections.pooling - HHH10001003: Autocommit mode: false
2025-03-27 10:57:22 [main] INFO  org.hibernate.orm.connections.pooling - HHH10001115: Connection pool size: 20 (min=1)
2025-03-27 10:57:23 [main] INFO  org.hibernate.id.enhanced.TableGenerator - HHH000398: Explicit segment value for id generator [hibernate_sequences.sequence_name] suggested; using default [default]
2025-03-27 10:57:23 [main] INFO  org.hibernate.engine.transaction.jta.platform.internal.JtaPlatformInitiator - HHH000489: No JTA platform available (set 'hibernate.transaction.jta.platform' to enable JTA platform integration)
2025-03-27 10:57:23 [main] INFO  org.hibernate.orm.connections.access - HHH10001501: Connection obtained from JdbcConnectionAccess [org.hibernate.engine.jdbc.env.internal.JdbcEnvironmentInitiator$ConnectionProviderJdbcConnectionAccess@4153a832] for (non-JTA) DDL execution was not in auto-commit mode; the Connection 'local transaction' will be committed and the Connection will be set into auto-commit mode.
2025-03-27 10:57:23 [main] INFO  org.hibernate.jpa.internal.util.LogHelper - HHH000204: Processing PersistenceUnitInfo [name: myPersistenceUnit]
2025-03-27 10:57:23 [main] WARN  org.hibernate.orm.connections.pooling - HHH10001002: Using built-in connection pool (not intended for production use)
2025-03-27 10:57:23 [main] INFO  org.hibernate.orm.connections.pooling - HHH10001005: Loaded JDBC driver class: org.postgresql.Driver
2025-03-27 10:57:23 [main] INFO  org.hibernate.orm.connections.pooling - HHH10001012: Connecting with JDBC URL [jdbc:postgresql://172.16.1.195:5331/dbhdemo]
2025-03-27 10:57:23 [main] INFO  org.hibernate.orm.connections.pooling - HHH10001001: Connection properties: {user=dbhuser, password=****}
2025-03-27 10:57:23 [main] INFO  org.hibernate.orm.connections.pooling - HHH10001003: Autocommit mode: false
2025-03-27 10:57:23 [main] INFO  org.hibernate.orm.connections.pooling - HHH10001115: Connection pool size: 20 (min=1)
2025-03-27 10:57:23 [main] INFO  org.hibernate.id.enhanced.TableGenerator - HHH000398: Explicit segment value for id generator [hibernate_sequences.sequence_name] suggested; using default [default]
2025-03-27 10:57:23 [main] INFO  org.hibernate.engine.transaction.jta.platform.internal.JtaPlatformInitiator - HHH000489: No JTA platform available (set 'hibernate.transaction.jta.platform' to enable JTA platform integration)
2025-03-27 10:57:23 [main] INFO  org.hibernate.orm.connections.access - HHH10001501: Connection obtained from JdbcConnectionAccess [org.hibernate.engine.jdbc.env.internal.JdbcEnvironmentInitiator$ConnectionProviderJdbcConnectionAccess@49741274] for (non-JTA) DDL execution was not in auto-commit mode; the Connection 'local transaction' will be committed and the Connection will be set into auto-commit mode.
2025-03-27 10:59:29 [main] INFO  org.hibernate.jpa.internal.util.LogHelper - HHH000204: Processing PersistenceUnitInfo [name: myPersistenceUnit]
2025-03-27 10:59:29 [main] INFO  org.hibernate.Version - HHH000412: Hibernate ORM core version 6.2.18.Final
2025-03-27 10:59:29 [main] INFO  org.hibernate.cfg.Environment - HHH000406: Using bytecode reflection optimizer
2025-03-27 10:59:30 [main] WARN  org.hibernate.orm.connections.pooling - HHH10001002: Using built-in connection pool (not intended for production use)
2025-03-27 10:59:30 [main] INFO  org.hibernate.orm.connections.pooling - HHH10001005: Loaded JDBC driver class: org.postgresql.Driver
2025-03-27 10:59:30 [main] INFO  org.hibernate.orm.connections.pooling - HHH10001012: Connecting with JDBC URL [jdbc:postgresql://172.16.1.195:5331/dbhdemo]
2025-03-27 10:59:30 [main] INFO  org.hibernate.orm.connections.pooling - HHH10001001: Connection properties: {user=dbhuser, password=****}
2025-03-27 10:59:30 [main] INFO  org.hibernate.orm.connections.pooling - HHH10001003: Autocommit mode: false
2025-03-27 10:59:30 [main] INFO  org.hibernate.orm.connections.pooling - HHH10001115: Connection pool size: 20 (min=1)
2025-03-27 10:59:31 [main] INFO  org.hibernate.id.enhanced.TableGenerator - HHH000398: Explicit segment value for id generator [hibernate_sequences.sequence_name] suggested; using default [default]
2025-03-27 10:59:33 [main] INFO  org.hibernate.engine.transaction.jta.platform.internal.JtaPlatformInitiator - HHH000489: No JTA platform available (set 'hibernate.transaction.jta.platform' to enable JTA platform integration)
2025-03-27 10:59:33 [main] INFO  org.hibernate.orm.connections.access - HHH10001501: Connection obtained from JdbcConnectionAccess [org.hibernate.engine.jdbc.env.internal.JdbcEnvironmentInitiator$ConnectionProviderJdbcConnectionAccess@3ef3f661] for (non-JTA) DDL execution was not in auto-commit mode; the Connection 'local transaction' will be committed and the Connection will be set into auto-commit mode.
2025-03-27 10:59:34 [main] INFO  org.hibernate.jpa.internal.util.LogHelper - HHH000204: Processing PersistenceUnitInfo [name: myPersistenceUnit]
2025-03-27 10:59:34 [main] WARN  org.hibernate.orm.connections.pooling - HHH10001002: Using built-in connection pool (not intended for production use)
2025-03-27 10:59:34 [main] INFO  org.hibernate.orm.connections.pooling - HHH10001005: Loaded JDBC driver class: org.postgresql.Driver
2025-03-27 10:59:34 [main] INFO  org.hibernate.orm.connections.pooling - HHH10001012: Connecting with JDBC URL [jdbc:postgresql://172.16.1.195:5331/dbhdemo]
2025-03-27 10:59:34 [main] INFO  org.hibernate.orm.connections.pooling - HHH10001001: Connection properties: {user=dbhuser, password=****}
2025-03-27 10:59:34 [main] INFO  org.hibernate.orm.connections.pooling - HHH10001003: Autocommit mode: false
2025-03-27 10:59:34 [main] INFO  org.hibernate.orm.connections.pooling - HHH10001115: Connection pool size: 20 (min=1)
2025-03-27 10:59:34 [main] INFO  org.hibernate.id.enhanced.TableGenerator - HHH000398: Explicit segment value for id generator [hibernate_sequences.sequence_name] suggested; using default [default]
2025-03-27 10:59:34 [main] INFO  org.hibernate.engine.transaction.jta.platform.internal.JtaPlatformInitiator - HHH000489: No JTA platform available (set 'hibernate.transaction.jta.platform' to enable JTA platform integration)
2025-03-27 10:59:34 [main] INFO  org.hibernate.orm.connections.access - HHH10001501: Connection obtained from JdbcConnectionAccess [org.hibernate.engine.jdbc.env.internal.JdbcEnvironmentInitiator$ConnectionProviderJdbcConnectionAccess@73a5d86c] for (non-JTA) DDL execution was not in auto-commit mode; the Connection 'local transaction' will be committed and the Connection will be set into auto-commit mode.
2025-03-27 10:59:35 [main] INFO  org.hibernate.jpa.internal.util.LogHelper - HHH000204: Processing PersistenceUnitInfo [name: myPersistenceUnit]
2025-03-27 10:59:35 [main] WARN  org.hibernate.orm.connections.pooling - HHH10001002: Using built-in connection pool (not intended for production use)
2025-03-27 10:59:35 [main] INFO  org.hibernate.orm.connections.pooling - HHH10001005: Loaded JDBC driver class: org.postgresql.Driver
2025-03-27 10:59:35 [main] INFO  org.hibernate.orm.connections.pooling - HHH10001012: Connecting with JDBC URL [jdbc:postgresql://172.16.1.195:5331/dbhdemo]
2025-03-27 10:59:35 [main] INFO  org.hibernate.orm.connections.pooling - HHH10001001: Connection properties: {user=dbhuser, password=****}
2025-03-27 10:59:35 [main] INFO  org.hibernate.orm.connections.pooling - HHH10001003: Autocommit mode: false
2025-03-27 10:59:35 [main] INFO  org.hibernate.orm.connections.pooling - HHH10001115: Connection pool size: 20 (min=1)
2025-03-27 10:59:35 [main] INFO  org.hibernate.id.enhanced.TableGenerator - HHH000398: Explicit segment value for id generator [hibernate_sequences.sequence_name] suggested; using default [default]
2025-03-27 10:59:35 [main] INFO  org.hibernate.engine.transaction.jta.platform.internal.JtaPlatformInitiator - HHH000489: No JTA platform available (set 'hibernate.transaction.jta.platform' to enable JTA platform integration)
2025-03-27 10:59:35 [main] INFO  org.hibernate.orm.connections.access - HHH10001501: Connection obtained from JdbcConnectionAccess [org.hibernate.engine.jdbc.env.internal.JdbcEnvironmentInitiator$ConnectionProviderJdbcConnectionAccess@4153a832] for (non-JTA) DDL execution was not in auto-commit mode; the Connection 'local transaction' will be committed and the Connection will be set into auto-commit mode.
2025-03-27 10:59:35 [main] INFO  org.hibernate.jpa.internal.util.LogHelper - HHH000204: Processing PersistenceUnitInfo [name: myPersistenceUnit]
2025-03-27 10:59:35 [main] WARN  org.hibernate.orm.connections.pooling - HHH10001002: Using built-in connection pool (not intended for production use)
2025-03-27 10:59:35 [main] INFO  org.hibernate.orm.connections.pooling - HHH10001005: Loaded JDBC driver class: org.postgresql.Driver
2025-03-27 10:59:35 [main] INFO  org.hibernate.orm.connections.pooling - HHH10001012: Connecting with JDBC URL [jdbc:postgresql://172.16.1.195:5331/dbhdemo]
2025-03-27 10:59:35 [main] INFO  org.hibernate.orm.connections.pooling - HHH10001001: Connection properties: {user=dbhuser, password=****}
2025-03-27 10:59:35 [main] INFO  org.hibernate.orm.connections.pooling - HHH10001003: Autocommit mode: false
2025-03-27 10:59:35 [main] INFO  org.hibernate.orm.connections.pooling - HHH10001115: Connection pool size: 20 (min=1)
2025-03-27 10:59:36 [main] INFO  org.hibernate.id.enhanced.TableGenerator - HHH000398: Explicit segment value for id generator [hibernate_sequences.sequence_name] suggested; using default [default]
2025-03-27 10:59:36 [main] INFO  org.hibernate.engine.transaction.jta.platform.internal.JtaPlatformInitiator - HHH000489: No JTA platform available (set 'hibernate.transaction.jta.platform' to enable JTA platform integration)
2025-03-27 10:59:36 [main] INFO  org.hibernate.orm.connections.access - HHH10001501: Connection obtained from JdbcConnectionAccess [org.hibernate.engine.jdbc.env.internal.JdbcEnvironmentInitiator$ConnectionProviderJdbcConnectionAccess@49741274] for (non-JTA) DDL execution was not in auto-commit mode; the Connection 'local transaction' will be committed and the Connection will be set into auto-commit mode.
2025-03-27 11:02:16 [main] INFO  org.hibernate.jpa.internal.util.LogHelper - HHH000204: Processing PersistenceUnitInfo [name: myPersistenceUnit]
2025-03-27 11:02:16 [main] INFO  org.hibernate.Version - HHH000412: Hibernate ORM core version 6.2.18.Final
2025-03-27 11:02:16 [main] INFO  org.hibernate.cfg.Environment - HHH000406: Using bytecode reflection optimizer
2025-03-27 11:02:17 [main] WARN  org.hibernate.orm.connections.pooling - HHH10001002: Using built-in connection pool (not intended for production use)
2025-03-27 11:02:17 [main] INFO  org.hibernate.orm.connections.pooling - HHH10001005: Loaded JDBC driver class: org.postgresql.Driver
2025-03-27 11:02:17 [main] INFO  org.hibernate.orm.connections.pooling - HHH10001012: Connecting with JDBC URL [jdbc:postgresql://172.16.1.195:5331/dbhdemo]
2025-03-27 11:02:17 [main] INFO  org.hibernate.orm.connections.pooling - HHH10001001: Connection properties: {user=dbhuser, password=****}
2025-03-27 11:02:17 [main] INFO  org.hibernate.orm.connections.pooling - HHH10001003: Autocommit mode: false
2025-03-27 11:02:17 [main] INFO  org.hibernate.orm.connections.pooling - HHH10001115: Connection pool size: 20 (min=1)
2025-03-27 11:02:18 [main] INFO  org.hibernate.id.enhanced.TableGenerator - HHH000398: Explicit segment value for id generator [hibernate_sequences.sequence_name] suggested; using default [default]
2025-03-27 11:02:20 [main] INFO  org.hibernate.engine.transaction.jta.platform.internal.JtaPlatformInitiator - HHH000489: No JTA platform available (set 'hibernate.transaction.jta.platform' to enable JTA platform integration)
2025-03-27 11:02:20 [main] INFO  org.hibernate.orm.connections.access - HHH10001501: Connection obtained from JdbcConnectionAccess [org.hibernate.engine.jdbc.env.internal.JdbcEnvironmentInitiator$ConnectionProviderJdbcConnectionAccess@78479f2b] for (non-JTA) DDL execution was not in auto-commit mode; the Connection 'local transaction' will be committed and the Connection will be set into auto-commit mode.
2025-03-27 11:02:20 [main] INFO  org.hibernate.jpa.internal.util.LogHelper - HHH000204: Processing PersistenceUnitInfo [name: myPersistenceUnit]
2025-03-27 11:02:21 [main] WARN  org.hibernate.orm.connections.pooling - HHH10001002: Using built-in connection pool (not intended for production use)
2025-03-27 11:02:21 [main] INFO  org.hibernate.orm.connections.pooling - HHH10001005: Loaded JDBC driver class: org.postgresql.Driver
2025-03-27 11:02:21 [main] INFO  org.hibernate.orm.connections.pooling - HHH10001012: Connecting with JDBC URL [jdbc:postgresql://172.16.1.195:5331/dbhdemo]
2025-03-27 11:02:21 [main] INFO  org.hibernate.orm.connections.pooling - HHH10001001: Connection properties: {user=dbhuser, password=****}
2025-03-27 11:02:21 [main] INFO  org.hibernate.orm.connections.pooling - HHH10001003: Autocommit mode: false
2025-03-27 11:02:21 [main] INFO  org.hibernate.orm.connections.pooling - HHH10001115: Connection pool size: 20 (min=1)
2025-03-27 11:02:21 [main] INFO  org.hibernate.id.enhanced.TableGenerator - HHH000398: Explicit segment value for id generator [hibernate_sequences.sequence_name] suggested; using default [default]
2025-03-27 11:02:21 [main] INFO  org.hibernate.engine.transaction.jta.platform.internal.JtaPlatformInitiator - HHH000489: No JTA platform available (set 'hibernate.transaction.jta.platform' to enable JTA platform integration)
2025-03-27 11:02:21 [main] INFO  org.hibernate.orm.connections.access - HHH10001501: Connection obtained from JdbcConnectionAccess [org.hibernate.engine.jdbc.env.internal.JdbcEnvironmentInitiator$ConnectionProviderJdbcConnectionAccess@612ac38b] for (non-JTA) DDL execution was not in auto-commit mode; the Connection 'local transaction' will be committed and the Connection will be set into auto-commit mode.
2025-03-27 11:02:21 [main] INFO  org.hibernate.jpa.internal.util.LogHelper - HHH000204: Processing PersistenceUnitInfo [name: myPersistenceUnit]
2025-03-27 11:02:21 [main] WARN  org.hibernate.orm.connections.pooling - HHH10001002: Using built-in connection pool (not intended for production use)
2025-03-27 11:02:21 [main] INFO  org.hibernate.orm.connections.pooling - HHH10001005: Loaded JDBC driver class: org.postgresql.Driver
2025-03-27 11:02:21 [main] INFO  org.hibernate.orm.connections.pooling - HHH10001012: Connecting with JDBC URL [jdbc:postgresql://172.16.1.195:5331/dbhdemo]
2025-03-27 11:02:21 [main] INFO  org.hibernate.orm.connections.pooling - HHH10001001: Connection properties: {user=dbhuser, password=****}
2025-03-27 11:02:21 [main] INFO  org.hibernate.orm.connections.pooling - HHH10001003: Autocommit mode: false
2025-03-27 11:02:21 [main] INFO  org.hibernate.orm.connections.pooling - HHH10001115: Connection pool size: 20 (min=1)
2025-03-27 11:02:21 [main] INFO  org.hibernate.id.enhanced.TableGenerator - HHH000398: Explicit segment value for id generator [hibernate_sequences.sequence_name] suggested; using default [default]
2025-03-27 11:02:21 [main] INFO  org.hibernate.engine.transaction.jta.platform.internal.JtaPlatformInitiator - HHH000489: No JTA platform available (set 'hibernate.transaction.jta.platform' to enable JTA platform integration)
2025-03-27 11:02:21 [main] INFO  org.hibernate.orm.connections.access - HHH10001501: Connection obtained from JdbcConnectionAccess [org.hibernate.engine.jdbc.env.internal.JdbcEnvironmentInitiator$ConnectionProviderJdbcConnectionAccess@30ed4034] for (non-JTA) DDL execution was not in auto-commit mode; the Connection 'local transaction' will be committed and the Connection will be set into auto-commit mode.
2025-03-27 11:02:22 [main] INFO  org.hibernate.jpa.internal.util.LogHelper - HHH000204: Processing PersistenceUnitInfo [name: myPersistenceUnit]
2025-03-27 11:02:22 [main] WARN  org.hibernate.orm.connections.pooling - HHH10001002: Using built-in connection pool (not intended for production use)
2025-03-27 11:02:22 [main] INFO  org.hibernate.orm.connections.pooling - HHH10001005: Loaded JDBC driver class: org.postgresql.Driver
2025-03-27 11:02:22 [main] INFO  org.hibernate.orm.connections.pooling - HHH10001012: Connecting with JDBC URL [jdbc:postgresql://172.16.1.195:5331/dbhdemo]
2025-03-27 11:02:22 [main] INFO  org.hibernate.orm.connections.pooling - HHH10001001: Connection properties: {user=dbhuser, password=****}
2025-03-27 11:02:22 [main] INFO  org.hibernate.orm.connections.pooling - HHH10001003: Autocommit mode: false
2025-03-27 11:02:22 [main] INFO  org.hibernate.orm.connections.pooling - HHH10001115: Connection pool size: 20 (min=1)
2025-03-27 11:02:22 [main] INFO  org.hibernate.id.enhanced.TableGenerator - HHH000398: Explicit segment value for id generator [hibernate_sequences.sequence_name] suggested; using default [default]
2025-03-27 11:02:22 [main] INFO  org.hibernate.engine.transaction.jta.platform.internal.JtaPlatformInitiator - HHH000489: No JTA platform available (set 'hibernate.transaction.jta.platform' to enable JTA platform integration)
2025-03-27 11:02:22 [main] INFO  org.hibernate.orm.connections.access - HHH10001501: Connection obtained from JdbcConnectionAccess [org.hibernate.engine.jdbc.env.internal.JdbcEnvironmentInitiator$ConnectionProviderJdbcConnectionAccess@75ac326f] for (non-JTA) DDL execution was not in auto-commit mode; the Connection 'local transaction' will be committed and the Connection will be set into auto-commit mode.
2025-03-27 13:50:26 [main] WARN  org.hibernate.engine.jdbc.spi.SqlExceptionHelper - SQL Error: 0, SQLState: 08006
2025-03-27 13:50:26 [main] ERROR org.hibernate.engine.jdbc.spi.SqlExceptionHelper - An I/O error occurred while sending to the backend.
2025-03-27 13:50:26 [main] ERROR org.assignment.util.LogUtil - [Ljava.lang.StackTraceElement;@34fcc5e3
2025-03-27 13:50:55 [Hibernate Connection Pool Validation Thread] WARN  org.hibernate.engine.jdbc.spi.SqlExceptionHelper - SQL Error: 0, SQLState: 08001
2025-03-27 13:50:55 [Hibernate Connection Pool Validation Thread] ERROR org.hibernate.engine.jdbc.spi.SqlExceptionHelper - The connection attempt failed.
2025-03-27 13:55:33 [main] WARN  org.hibernate.engine.jdbc.spi.SqlExceptionHelper - SQL Error: 0, SQLState: 08001
2025-03-27 13:55:33 [main] ERROR org.hibernate.engine.jdbc.spi.SqlExceptionHelper - The connection attempt failed.
2025-03-27 13:55:33 [main] ERROR org.assignment.util.LogUtil - [Ljava.lang.StackTraceElement;@737445ab
2025-03-27 13:55:38 [main] WARN  org.hibernate.engine.jdbc.spi.SqlExceptionHelper - SQL Error: 0, SQLState: 08001
2025-03-27 13:55:38 [main] ERROR org.hibernate.engine.jdbc.spi.SqlExceptionHelper - The connection attempt failed.
2025-03-27 13:55:38 [main] ERROR org.assignment.util.LogUtil - [Ljava.lang.StackTraceElement;@3c9cfcde
2025-03-27 13:55:47 [main] WARN  org.hibernate.engine.jdbc.spi.SqlExceptionHelper - SQL Error: 0, SQLState: 08001
2025-03-27 13:55:47 [main] ERROR org.hibernate.engine.jdbc.spi.SqlExceptionHelper - The connection attempt failed.
2025-03-27 13:55:47 [main] ERROR org.assignment.util.LogUtil - [Ljava.lang.StackTraceElement;@2f3c7b24
2025-03-27 13:55:47 [main] WARN  org.hibernate.engine.jdbc.spi.SqlExceptionHelper - SQL Error: 0, SQLState: 08001
2025-03-27 13:55:47 [main] ERROR org.hibernate.engine.jdbc.spi.SqlExceptionHelper - The connection attempt failed.
2025-03-27 13:55:47 [main] ERROR org.assignment.util.LogUtil - [Ljava.lang.StackTraceElement;@7dbd70fd
2025-03-27 13:56:16 [main] WARN  org.hibernate.engine.jdbc.spi.SqlExceptionHelper - SQL Error: 0, SQLState: 08001
2025-03-27 13:56:16 [main] ERROR org.hibernate.engine.jdbc.spi.SqlExceptionHelper - The connection attempt failed.
2025-03-27 13:56:16 [main] ERROR org.assignment.util.LogUtil - [Ljava.lang.StackTraceElement;@2cb53bfc
2025-03-27 15:21:04 [main] INFO  org.hibernate.jpa.internal.util.LogHelper - HHH000204: Processing PersistenceUnitInfo [name: myPersistenceUnit]
2025-03-27 15:21:04 [main] INFO  org.hibernate.Version - HHH000412: Hibernate ORM core version 6.2.18.Final
2025-03-27 15:21:04 [main] INFO  org.hibernate.cfg.Environment - HHH000406: Using bytecode reflection optimizer
2025-03-27 15:21:04 [main] WARN  org.hibernate.orm.connections.pooling - HHH10001002: Using built-in connection pool (not intended for production use)
2025-03-27 15:21:04 [main] INFO  org.hibernate.orm.connections.pooling - HHH10001005: Loaded JDBC driver class: org.postgresql.Driver
2025-03-27 15:21:04 [main] INFO  org.hibernate.orm.connections.pooling - HHH10001012: Connecting with JDBC URL [jdbc:postgresql://172.16.1.195:5331/dbhdemo]
2025-03-27 15:21:04 [main] INFO  org.hibernate.orm.connections.pooling - HHH10001001: Connection properties: {user=dbhuser, password=****}
2025-03-27 15:21:04 [main] INFO  org.hibernate.orm.connections.pooling - HHH10001003: Autocommit mode: false
2025-03-27 15:21:04 [main] INFO  org.hibernate.orm.connections.pooling - HHH10001115: Connection pool size: 20 (min=1)
2025-03-27 15:21:05 [main] INFO  org.hibernate.id.enhanced.TableGenerator - HHH000398: Explicit segment value for id generator [hibernate_sequences.sequence_name] suggested; using default [default]
2025-03-27 15:21:07 [main] INFO  org.hibernate.engine.transaction.jta.platform.internal.JtaPlatformInitiator - HHH000489: No JTA platform available (set 'hibernate.transaction.jta.platform' to enable JTA platform integration)
2025-03-27 15:21:07 [main] INFO  org.hibernate.orm.connections.access - HHH10001501: Connection obtained from JdbcConnectionAccess [org.hibernate.engine.jdbc.env.internal.JdbcEnvironmentInitiator$ConnectionProviderJdbcConnectionAccess@45b7c97f] for (non-JTA) DDL execution was not in auto-commit mode; the Connection 'local transaction' will be committed and the Connection will be set into auto-commit mode.
2025-03-27 15:21:08 [main] INFO  org.hibernate.jpa.internal.util.LogHelper - HHH000204: Processing PersistenceUnitInfo [name: myPersistenceUnit]
2025-03-27 15:21:08 [main] WARN  org.hibernate.orm.connections.pooling - HHH10001002: Using built-in connection pool (not intended for production use)
2025-03-27 15:21:08 [main] INFO  org.hibernate.orm.connections.pooling - HHH10001005: Loaded JDBC driver class: org.postgresql.Driver
2025-03-27 15:21:08 [main] INFO  org.hibernate.orm.connections.pooling - HHH10001012: Connecting with JDBC URL [jdbc:postgresql://172.16.1.195:5331/dbhdemo]
2025-03-27 15:21:08 [main] INFO  org.hibernate.orm.connections.pooling - HHH10001001: Connection properties: {user=dbhuser, password=****}
2025-03-27 15:21:08 [main] INFO  org.hibernate.orm.connections.pooling - HHH10001003: Autocommit mode: false
2025-03-27 15:21:08 [main] INFO  org.hibernate.orm.connections.pooling - HHH10001115: Connection pool size: 20 (min=1)
2025-03-27 15:21:08 [main] INFO  org.hibernate.id.enhanced.TableGenerator - HHH000398: Explicit segment value for id generator [hibernate_sequences.sequence_name] suggested; using default [default]
2025-03-27 15:21:08 [main] INFO  org.hibernate.engine.transaction.jta.platform.internal.JtaPlatformInitiator - HHH000489: No JTA platform available (set 'hibernate.transaction.jta.platform' to enable JTA platform integration)
2025-03-27 15:21:08 [main] INFO  org.hibernate.orm.connections.access - HHH10001501: Connection obtained from JdbcConnectionAccess [org.hibernate.engine.jdbc.env.internal.JdbcEnvironmentInitiator$ConnectionProviderJdbcConnectionAccess@2cd5b19c] for (non-JTA) DDL execution was not in auto-commit mode; the Connection 'local transaction' will be committed and the Connection will be set into auto-commit mode.
2025-03-27 15:21:08 [main] INFO  org.hibernate.jpa.internal.util.LogHelper - HHH000204: Processing PersistenceUnitInfo [name: myPersistenceUnit]
2025-03-27 15:21:08 [main] WARN  org.hibernate.orm.connections.pooling - HHH10001002: Using built-in connection pool (not intended for production use)
2025-03-27 15:21:08 [main] INFO  org.hibernate.orm.connections.pooling - HHH10001005: Loaded JDBC driver class: org.postgresql.Driver
2025-03-27 15:21:08 [main] INFO  org.hibernate.orm.connections.pooling - HHH10001012: Connecting with JDBC URL [jdbc:postgresql://172.16.1.195:5331/dbhdemo]
2025-03-27 15:21:08 [main] INFO  org.hibernate.orm.connections.pooling - HHH10001001: Connection properties: {user=dbhuser, password=****}
2025-03-27 15:21:08 [main] INFO  org.hibernate.orm.connections.pooling - HHH10001003: Autocommit mode: false
2025-03-27 15:21:08 [main] INFO  org.hibernate.orm.connections.pooling - HHH10001115: Connection pool size: 20 (min=1)
2025-03-27 15:21:09 [main] INFO  org.hibernate.id.enhanced.TableGenerator - HHH000398: Explicit segment value for id generator [hibernate_sequences.sequence_name] suggested; using default [default]
2025-03-27 15:21:09 [main] INFO  org.hibernate.engine.transaction.jta.platform.internal.JtaPlatformInitiator - HHH000489: No JTA platform available (set 'hibernate.transaction.jta.platform' to enable JTA platform integration)
2025-03-27 15:21:09 [main] INFO  org.hibernate.orm.connections.access - HHH10001501: Connection obtained from JdbcConnectionAccess [org.hibernate.engine.jdbc.env.internal.JdbcEnvironmentInitiator$ConnectionProviderJdbcConnectionAccess@53c40ed6] for (non-JTA) DDL execution was not in auto-commit mode; the Connection 'local transaction' will be committed and the Connection will be set into auto-commit mode.
2025-03-27 15:21:09 [main] INFO  org.hibernate.jpa.internal.util.LogHelper - HHH000204: Processing PersistenceUnitInfo [name: myPersistenceUnit]
2025-03-27 15:21:09 [main] WARN  org.hibernate.orm.connections.pooling - HHH10001002: Using built-in connection pool (not intended for production use)
2025-03-27 15:21:09 [main] INFO  org.hibernate.orm.connections.pooling - HHH10001005: Loaded JDBC driver class: org.postgresql.Driver
2025-03-27 15:21:09 [main] INFO  org.hibernate.orm.connections.pooling - HHH10001012: Connecting with JDBC URL [jdbc:postgresql://172.16.1.195:5331/dbhdemo]
2025-03-27 15:21:09 [main] INFO  org.hibernate.orm.connections.pooling - HHH10001001: Connection properties: {user=dbhuser, password=****}
2025-03-27 15:21:09 [main] INFO  org.hibernate.orm.connections.pooling - HHH10001003: Autocommit mode: false
2025-03-27 15:21:09 [main] INFO  org.hibernate.orm.connections.pooling - HHH10001115: Connection pool size: 20 (min=1)
2025-03-27 15:21:09 [main] INFO  org.hibernate.id.enhanced.TableGenerator - HHH000398: Explicit segment value for id generator [hibernate_sequences.sequence_name] suggested; using default [default]
2025-03-27 15:21:09 [main] INFO  org.hibernate.engine.transaction.jta.platform.internal.JtaPlatformInitiator - HHH000489: No JTA platform available (set 'hibernate.transaction.jta.platform' to enable JTA platform integration)
2025-03-27 15:21:09 [main] INFO  org.hibernate.orm.connections.access - HHH10001501: Connection obtained from JdbcConnectionAccess [org.hibernate.engine.jdbc.env.internal.JdbcEnvironmentInitiator$ConnectionProviderJdbcConnectionAccess@79bf39e5] for (non-JTA) DDL execution was not in auto-commit mode; the Connection 'local transaction' will be committed and the Connection will be set into auto-commit mode.
2025-03-27 16:38:17 [main] INFO  org.hibernate.jpa.internal.util.LogHelper - HHH000204: Processing PersistenceUnitInfo [name: myPersistenceUnit]
2025-03-27 16:38:17 [main] INFO  org.hibernate.Version - HHH000412: Hibernate ORM core version 6.2.18.Final
2025-03-27 16:38:17 [main] INFO  org.hibernate.cfg.Environment - HHH000406: Using bytecode reflection optimizer
2025-03-27 16:38:17 [main] WARN  org.hibernate.orm.connections.pooling - HHH10001002: Using built-in connection pool (not intended for production use)
2025-03-27 16:38:17 [main] INFO  org.hibernate.orm.connections.pooling - HHH10001005: Loaded JDBC driver class: org.postgresql.Driver
2025-03-27 16:38:17 [main] INFO  org.hibernate.orm.connections.pooling - HHH10001012: Connecting with JDBC URL [jdbc:postgresql://172.16.1.195:5331/dbhdemo]
2025-03-27 16:38:17 [main] INFO  org.hibernate.orm.connections.pooling - HHH10001001: Connection properties: {user=dbhuser, password=****}
2025-03-27 16:38:17 [main] INFO  org.hibernate.orm.connections.pooling - HHH10001003: Autocommit mode: false
2025-03-27 16:38:17 [main] INFO  org.hibernate.orm.connections.pooling - HHH10001115: Connection pool size: 20 (min=1)
2025-03-27 16:38:18 [main] INFO  org.hibernate.id.enhanced.TableGenerator - HHH000398: Explicit segment value for id generator [hibernate_sequences.sequence_name] suggested; using default [default]
2025-03-27 16:38:20 [main] INFO  org.hibernate.engine.transaction.jta.platform.internal.JtaPlatformInitiator - HHH000489: No JTA platform available (set 'hibernate.transaction.jta.platform' to enable JTA platform integration)
2025-03-27 16:38:20 [main] INFO  org.hibernate.orm.connections.access - HHH10001501: Connection obtained from JdbcConnectionAccess [org.hibernate.engine.jdbc.env.internal.JdbcEnvironmentInitiator$ConnectionProviderJdbcConnectionAccess@6009cd34] for (non-JTA) DDL execution was not in auto-commit mode; the Connection 'local transaction' will be committed and the Connection will be set into auto-commit mode.
2025-03-27 16:38:21 [main] INFO  org.hibernate.jpa.internal.util.LogHelper - HHH000204: Processing PersistenceUnitInfo [name: myPersistenceUnit]
2025-03-27 16:38:21 [main] WARN  org.hibernate.orm.connections.pooling - HHH10001002: Using built-in connection pool (not intended for production use)
2025-03-27 16:38:21 [main] INFO  org.hibernate.orm.connections.pooling - HHH10001005: Loaded JDBC driver class: org.postgresql.Driver
2025-03-27 16:38:21 [main] INFO  org.hibernate.orm.connections.pooling - HHH10001012: Connecting with JDBC URL [jdbc:postgresql://172.16.1.195:5331/dbhdemo]
2025-03-27 16:38:21 [main] INFO  org.hibernate.orm.connections.pooling - HHH10001001: Connection properties: {user=dbhuser, password=****}
2025-03-27 16:38:21 [main] INFO  org.hibernate.orm.connections.pooling - HHH10001003: Autocommit mode: false
2025-03-27 16:38:21 [main] INFO  org.hibernate.orm.connections.pooling - HHH10001115: Connection pool size: 20 (min=1)
2025-03-27 16:38:21 [main] INFO  org.hibernate.id.enhanced.TableGenerator - HHH000398: Explicit segment value for id generator [hibernate_sequences.sequence_name] suggested; using default [default]
2025-03-27 16:38:21 [main] INFO  org.hibernate.engine.transaction.jta.platform.internal.JtaPlatformInitiator - HHH000489: No JTA platform available (set 'hibernate.transaction.jta.platform' to enable JTA platform integration)
2025-03-27 16:38:21 [main] INFO  org.hibernate.orm.connections.access - HHH10001501: Connection obtained from JdbcConnectionAccess [org.hibernate.engine.jdbc.env.internal.JdbcEnvironmentInitiator$ConnectionProviderJdbcConnectionAccess@286dfa20] for (non-JTA) DDL execution was not in auto-commit mode; the Connection 'local transaction' will be committed and the Connection will be set into auto-commit mode.
2025-03-27 16:38:22 [main] INFO  org.hibernate.jpa.internal.util.LogHelper - HHH000204: Processing PersistenceUnitInfo [name: myPersistenceUnit]
2025-03-27 16:38:22 [main] WARN  org.hibernate.orm.connections.pooling - HHH10001002: Using built-in connection pool (not intended for production use)
2025-03-27 16:38:22 [main] INFO  org.hibernate.orm.connections.pooling - HHH10001005: Loaded JDBC driver class: org.postgresql.Driver
2025-03-27 16:38:22 [main] INFO  org.hibernate.orm.connections.pooling - HHH10001012: Connecting with JDBC URL [jdbc:postgresql://172.16.1.195:5331/dbhdemo]
2025-03-27 16:38:22 [main] INFO  org.hibernate.orm.connections.pooling - HHH10001001: Connection properties: {user=dbhuser, password=****}
2025-03-27 16:38:22 [main] INFO  org.hibernate.orm.connections.pooling - HHH10001003: Autocommit mode: false
2025-03-27 16:38:22 [main] INFO  org.hibernate.orm.connections.pooling - HHH10001115: Connection pool size: 20 (min=1)
2025-03-27 16:38:22 [main] INFO  org.hibernate.id.enhanced.TableGenerator - HHH000398: Explicit segment value for id generator [hibernate_sequences.sequence_name] suggested; using default [default]
2025-03-27 16:38:22 [main] INFO  org.hibernate.engine.transaction.jta.platform.internal.JtaPlatformInitiator - HHH000489: No JTA platform available (set 'hibernate.transaction.jta.platform' to enable JTA platform integration)
2025-03-27 16:38:22 [main] INFO  org.hibernate.orm.connections.access - HHH10001501: Connection obtained from JdbcConnectionAccess [org.hibernate.engine.jdbc.env.internal.JdbcEnvironmentInitiator$ConnectionProviderJdbcConnectionAccess@6949cead] for (non-JTA) DDL execution was not in auto-commit mode; the Connection 'local transaction' will be committed and the Connection will be set into auto-commit mode.
2025-03-27 16:38:22 [main] INFO  org.hibernate.jpa.internal.util.LogHelper - HHH000204: Processing PersistenceUnitInfo [name: myPersistenceUnit]
2025-03-27 16:38:22 [main] WARN  org.hibernate.orm.connections.pooling - HHH10001002: Using built-in connection pool (not intended for production use)
2025-03-27 16:38:22 [main] INFO  org.hibernate.orm.connections.pooling - HHH10001005: Loaded JDBC driver class: org.postgresql.Driver
2025-03-27 16:38:22 [main] INFO  org.hibernate.orm.connections.pooling - HHH10001012: Connecting with JDBC URL [jdbc:postgresql://172.16.1.195:5331/dbhdemo]
2025-03-27 16:38:22 [main] INFO  org.hibernate.orm.connections.pooling - HHH10001001: Connection properties: {user=dbhuser, password=****}
2025-03-27 16:38:22 [main] INFO  org.hibernate.orm.connections.pooling - HHH10001003: Autocommit mode: false
2025-03-27 16:38:22 [main] INFO  org.hibernate.orm.connections.pooling - HHH10001115: Connection pool size: 20 (min=1)
2025-03-27 16:38:22 [main] INFO  org.hibernate.id.enhanced.TableGenerator - HHH000398: Explicit segment value for id generator [hibernate_sequences.sequence_name] suggested; using default [default]
2025-03-27 16:38:23 [main] INFO  org.hibernate.engine.transaction.jta.platform.internal.JtaPlatformInitiator - HHH000489: No JTA platform available (set 'hibernate.transaction.jta.platform' to enable JTA platform integration)
2025-03-27 16:38:23 [main] INFO  org.hibernate.orm.connections.access - HHH10001501: Connection obtained from JdbcConnectionAccess [org.hibernate.engine.jdbc.env.internal.JdbcEnvironmentInitiator$ConnectionProviderJdbcConnectionAccess@66a8ff6d] for (non-JTA) DDL execution was not in auto-commit mode; the Connection 'local transaction' will be committed and the Connection will be set into auto-commit mode.
2025-03-27 16:44:09 [main] INFO  org.hibernate.jpa.internal.util.LogHelper - HHH000204: Processing PersistenceUnitInfo [name: myPersistenceUnit]
2025-03-27 16:44:09 [main] INFO  org.hibernate.Version - HHH000412: Hibernate ORM core version 6.2.18.Final
2025-03-27 16:44:09 [main] INFO  org.hibernate.cfg.Environment - HHH000406: Using bytecode reflection optimizer
2025-03-27 16:44:09 [main] WARN  org.hibernate.orm.connections.pooling - HHH10001002: Using built-in connection pool (not intended for production use)
2025-03-27 16:44:09 [main] INFO  org.hibernate.orm.connections.pooling - HHH10001005: Loaded JDBC driver class: org.postgresql.Driver
2025-03-27 16:44:09 [main] INFO  org.hibernate.orm.connections.pooling - HHH10001012: Connecting with JDBC URL [jdbc:postgresql://172.16.1.195:5331/dbhdemo]
2025-03-27 16:44:09 [main] INFO  org.hibernate.orm.connections.pooling - HHH10001001: Connection properties: {user=dbhuser, password=****}
2025-03-27 16:44:09 [main] INFO  org.hibernate.orm.connections.pooling - HHH10001003: Autocommit mode: false
2025-03-27 16:44:09 [main] INFO  org.hibernate.orm.connections.pooling - HHH10001115: Connection pool size: 20 (min=1)
2025-03-27 16:44:10 [main] INFO  org.hibernate.id.enhanced.TableGenerator - HHH000398: Explicit segment value for id generator [hibernate_sequences.sequence_name] suggested; using default [default]
2025-03-27 16:44:12 [main] INFO  org.hibernate.engine.transaction.jta.platform.internal.JtaPlatformInitiator - HHH000489: No JTA platform available (set 'hibernate.transaction.jta.platform' to enable JTA platform integration)
2025-03-27 16:44:12 [main] INFO  org.hibernate.orm.connections.access - HHH10001501: Connection obtained from JdbcConnectionAccess [org.hibernate.engine.jdbc.env.internal.JdbcEnvironmentInitiator$ConnectionProviderJdbcConnectionAccess@45b7c97f] for (non-JTA) DDL execution was not in auto-commit mode; the Connection 'local transaction' will be committed and the Connection will be set into auto-commit mode.
2025-03-27 16:44:13 [main] INFO  org.hibernate.jpa.internal.util.LogHelper - HHH000204: Processing PersistenceUnitInfo [name: myPersistenceUnit]
2025-03-27 16:44:13 [main] WARN  org.hibernate.orm.connections.pooling - HHH10001002: Using built-in connection pool (not intended for production use)
2025-03-27 16:44:13 [main] INFO  org.hibernate.orm.connections.pooling - HHH10001005: Loaded JDBC driver class: org.postgresql.Driver
2025-03-27 16:44:13 [main] INFO  org.hibernate.orm.connections.pooling - HHH10001012: Connecting with JDBC URL [jdbc:postgresql://172.16.1.195:5331/dbhdemo]
2025-03-27 16:44:13 [main] INFO  org.hibernate.orm.connections.pooling - HHH10001001: Connection properties: {user=dbhuser, password=****}
2025-03-27 16:44:13 [main] INFO  org.hibernate.orm.connections.pooling - HHH10001003: Autocommit mode: false
2025-03-27 16:44:13 [main] INFO  org.hibernate.orm.connections.pooling - HHH10001115: Connection pool size: 20 (min=1)
2025-03-27 16:44:13 [main] INFO  org.hibernate.id.enhanced.TableGenerator - HHH000398: Explicit segment value for id generator [hibernate_sequences.sequence_name] suggested; using default [default]
2025-03-27 16:44:13 [main] INFO  org.hibernate.engine.transaction.jta.platform.internal.JtaPlatformInitiator - HHH000489: No JTA platform available (set 'hibernate.transaction.jta.platform' to enable JTA platform integration)
2025-03-27 16:44:13 [main] INFO  org.hibernate.orm.connections.access - HHH10001501: Connection obtained from JdbcConnectionAccess [org.hibernate.engine.jdbc.env.internal.JdbcEnvironmentInitiator$ConnectionProviderJdbcConnectionAccess@2cd5b19c] for (non-JTA) DDL execution was not in auto-commit mode; the Connection 'local transaction' will be committed and the Connection will be set into auto-commit mode.
2025-03-27 16:44:13 [main] INFO  org.hibernate.jpa.internal.util.LogHelper - HHH000204: Processing PersistenceUnitInfo [name: myPersistenceUnit]
2025-03-27 16:44:13 [main] WARN  org.hibernate.orm.connections.pooling - HHH10001002: Using built-in connection pool (not intended for production use)
2025-03-27 16:44:13 [main] INFO  org.hibernate.orm.connections.pooling - HHH10001005: Loaded JDBC driver class: org.postgresql.Driver
2025-03-27 16:44:13 [main] INFO  org.hibernate.orm.connections.pooling - HHH10001012: Connecting with JDBC URL [jdbc:postgresql://172.16.1.195:5331/dbhdemo]
2025-03-27 16:44:13 [main] INFO  org.hibernate.orm.connections.pooling - HHH10001001: Connection properties: {user=dbhuser, password=****}
2025-03-27 16:44:13 [main] INFO  org.hibernate.orm.connections.pooling - HHH10001003: Autocommit mode: false
2025-03-27 16:44:13 [main] INFO  org.hibernate.orm.connections.pooling - HHH10001115: Connection pool size: 20 (min=1)
2025-03-27 16:44:13 [main] INFO  org.hibernate.id.enhanced.TableGenerator - HHH000398: Explicit segment value for id generator [hibernate_sequences.sequence_name] suggested; using default [default]
2025-03-27 16:44:13 [main] INFO  org.hibernate.engine.transaction.jta.platform.internal.JtaPlatformInitiator - HHH000489: No JTA platform available (set 'hibernate.transaction.jta.platform' to enable JTA platform integration)
2025-03-27 16:44:13 [main] INFO  org.hibernate.orm.connections.access - HHH10001501: Connection obtained from JdbcConnectionAccess [org.hibernate.engine.jdbc.env.internal.JdbcEnvironmentInitiator$ConnectionProviderJdbcConnectionAccess@53c40ed6] for (non-JTA) DDL execution was not in auto-commit mode; the Connection 'local transaction' will be committed and the Connection will be set into auto-commit mode.
2025-03-27 16:44:14 [main] INFO  org.hibernate.jpa.internal.util.LogHelper - HHH000204: Processing PersistenceUnitInfo [name: myPersistenceUnit]
2025-03-27 16:44:14 [main] WARN  org.hibernate.orm.connections.pooling - HHH10001002: Using built-in connection pool (not intended for production use)
2025-03-27 16:44:14 [main] INFO  org.hibernate.orm.connections.pooling - HHH10001005: Loaded JDBC driver class: org.postgresql.Driver
2025-03-27 16:44:14 [main] INFO  org.hibernate.orm.connections.pooling - HHH10001012: Connecting with JDBC URL [jdbc:postgresql://172.16.1.195:5331/dbhdemo]
2025-03-27 16:44:14 [main] INFO  org.hibernate.orm.connections.pooling - HHH10001001: Connection properties: {user=dbhuser, password=****}
2025-03-27 16:44:14 [main] INFO  org.hibernate.orm.connections.pooling - HHH10001003: Autocommit mode: false
2025-03-27 16:44:14 [main] INFO  org.hibernate.orm.connections.pooling - HHH10001115: Connection pool size: 20 (min=1)
2025-03-27 16:44:14 [main] INFO  org.hibernate.id.enhanced.TableGenerator - HHH000398: Explicit segment value for id generator [hibernate_sequences.sequence_name] suggested; using default [default]
2025-03-27 16:44:14 [main] INFO  org.hibernate.engine.transaction.jta.platform.internal.JtaPlatformInitiator - HHH000489: No JTA platform available (set 'hibernate.transaction.jta.platform' to enable JTA platform integration)
2025-03-27 16:44:14 [main] INFO  org.hibernate.orm.connections.access - HHH10001501: Connection obtained from JdbcConnectionAccess [org.hibernate.engine.jdbc.env.internal.JdbcEnvironmentInitiator$ConnectionProviderJdbcConnectionAccess@79bf39e5] for (non-JTA) DDL execution was not in auto-commit mode; the Connection 'local transaction' will be committed and the Connection will be set into auto-commit mode.
2025-03-27 16:50:11 [main] INFO  org.hibernate.jpa.internal.util.LogHelper - HHH000204: Processing PersistenceUnitInfo [name: myPersistenceUnit]
2025-03-27 16:50:11 [main] INFO  org.hibernate.Version - HHH000412: Hibernate ORM core version 6.2.18.Final
2025-03-27 16:50:11 [main] INFO  org.hibernate.cfg.Environment - HHH000406: Using bytecode reflection optimizer
2025-03-27 16:50:11 [main] WARN  org.hibernate.orm.connections.pooling - HHH10001002: Using built-in connection pool (not intended for production use)
2025-03-27 16:50:11 [main] INFO  org.hibernate.orm.connections.pooling - HHH10001005: Loaded JDBC driver class: org.postgresql.Driver
2025-03-27 16:50:11 [main] INFO  org.hibernate.orm.connections.pooling - HHH10001012: Connecting with JDBC URL [jdbc:postgresql://172.16.1.195:5331/dbhdemo]
2025-03-27 16:50:11 [main] INFO  org.hibernate.orm.connections.pooling - HHH10001001: Connection properties: {user=dbhuser, password=****}
2025-03-27 16:50:11 [main] INFO  org.hibernate.orm.connections.pooling - HHH10001003: Autocommit mode: false
2025-03-27 16:50:11 [main] INFO  org.hibernate.orm.connections.pooling - HHH10001115: Connection pool size: 20 (min=1)
2025-03-27 16:50:12 [main] INFO  org.hibernate.id.enhanced.TableGenerator - HHH000398: Explicit segment value for id generator [hibernate_sequences.sequence_name] suggested; using default [default]
2025-03-27 16:50:14 [main] INFO  org.hibernate.engine.transaction.jta.platform.internal.JtaPlatformInitiator - HHH000489: No JTA platform available (set 'hibernate.transaction.jta.platform' to enable JTA platform integration)
2025-03-27 16:50:14 [main] INFO  org.hibernate.orm.connections.access - HHH10001501: Connection obtained from JdbcConnectionAccess [org.hibernate.engine.jdbc.env.internal.JdbcEnvironmentInitiator$ConnectionProviderJdbcConnectionAccess@45b7c97f] for (non-JTA) DDL execution was not in auto-commit mode; the Connection 'local transaction' will be committed and the Connection will be set into auto-commit mode.
2025-03-27 16:50:15 [main] INFO  org.hibernate.jpa.internal.util.LogHelper - HHH000204: Processing PersistenceUnitInfo [name: myPersistenceUnit]
2025-03-27 16:50:15 [main] WARN  org.hibernate.orm.connections.pooling - HHH10001002: Using built-in connection pool (not intended for production use)
2025-03-27 16:50:15 [main] INFO  org.hibernate.orm.connections.pooling - HHH10001005: Loaded JDBC driver class: org.postgresql.Driver
2025-03-27 16:50:15 [main] INFO  org.hibernate.orm.connections.pooling - HHH10001012: Connecting with JDBC URL [jdbc:postgresql://172.16.1.195:5331/dbhdemo]
2025-03-27 16:50:15 [main] INFO  org.hibernate.orm.connections.pooling - HHH10001001: Connection properties: {user=dbhuser, password=****}
2025-03-27 16:50:15 [main] INFO  org.hibernate.orm.connections.pooling - HHH10001003: Autocommit mode: false
2025-03-27 16:50:15 [main] INFO  org.hibernate.orm.connections.pooling - HHH10001115: Connection pool size: 20 (min=1)
2025-03-27 16:50:15 [main] INFO  org.hibernate.id.enhanced.TableGenerator - HHH000398: Explicit segment value for id generator [hibernate_sequences.sequence_name] suggested; using default [default]
2025-03-27 16:50:15 [main] INFO  org.hibernate.engine.transaction.jta.platform.internal.JtaPlatformInitiator - HHH000489: No JTA platform available (set 'hibernate.transaction.jta.platform' to enable JTA platform integration)
2025-03-27 16:50:15 [main] INFO  org.hibernate.orm.connections.access - HHH10001501: Connection obtained from JdbcConnectionAccess [org.hibernate.engine.jdbc.env.internal.JdbcEnvironmentInitiator$ConnectionProviderJdbcConnectionAccess@2cd5b19c] for (non-JTA) DDL execution was not in auto-commit mode; the Connection 'local transaction' will be committed and the Connection will be set into auto-commit mode.
2025-03-27 16:50:15 [main] INFO  org.hibernate.jpa.internal.util.LogHelper - HHH000204: Processing PersistenceUnitInfo [name: myPersistenceUnit]
2025-03-27 16:50:16 [main] WARN  org.hibernate.orm.connections.pooling - HHH10001002: Using built-in connection pool (not intended for production use)
2025-03-27 16:50:16 [main] INFO  org.hibernate.orm.connections.pooling - HHH10001005: Loaded JDBC driver class: org.postgresql.Driver
2025-03-27 16:50:16 [main] INFO  org.hibernate.orm.connections.pooling - HHH10001012: Connecting with JDBC URL [jdbc:postgresql://172.16.1.195:5331/dbhdemo]
2025-03-27 16:50:16 [main] INFO  org.hibernate.orm.connections.pooling - HHH10001001: Connection properties: {user=dbhuser, password=****}
2025-03-27 16:50:16 [main] INFO  org.hibernate.orm.connections.pooling - HHH10001003: Autocommit mode: false
2025-03-27 16:50:16 [main] INFO  org.hibernate.orm.connections.pooling - HHH10001115: Connection pool size: 20 (min=1)
2025-03-27 16:50:16 [main] INFO  org.hibernate.id.enhanced.TableGenerator - HHH000398: Explicit segment value for id generator [hibernate_sequences.sequence_name] suggested; using default [default]
2025-03-27 16:50:16 [main] INFO  org.hibernate.engine.transaction.jta.platform.internal.JtaPlatformInitiator - HHH000489: No JTA platform available (set 'hibernate.transaction.jta.platform' to enable JTA platform integration)
2025-03-27 16:50:16 [main] INFO  org.hibernate.orm.connections.access - HHH10001501: Connection obtained from JdbcConnectionAccess [org.hibernate.engine.jdbc.env.internal.JdbcEnvironmentInitiator$ConnectionProviderJdbcConnectionAccess@53c40ed6] for (non-JTA) DDL execution was not in auto-commit mode; the Connection 'local transaction' will be committed and the Connection will be set into auto-commit mode.
2025-03-27 16:50:16 [main] INFO  org.hibernate.jpa.internal.util.LogHelper - HHH000204: Processing PersistenceUnitInfo [name: myPersistenceUnit]
2025-03-27 16:50:16 [main] WARN  org.hibernate.orm.connections.pooling - HHH10001002: Using built-in connection pool (not intended for production use)
2025-03-27 16:50:16 [main] INFO  org.hibernate.orm.connections.pooling - HHH10001005: Loaded JDBC driver class: org.postgresql.Driver
2025-03-27 16:50:16 [main] INFO  org.hibernate.orm.connections.pooling - HHH10001012: Connecting with JDBC URL [jdbc:postgresql://172.16.1.195:5331/dbhdemo]
2025-03-27 16:50:16 [main] INFO  org.hibernate.orm.connections.pooling - HHH10001001: Connection properties: {user=dbhuser, password=****}
2025-03-27 16:50:16 [main] INFO  org.hibernate.orm.connections.pooling - HHH10001003: Autocommit mode: false
2025-03-27 16:50:16 [main] INFO  org.hibernate.orm.connections.pooling - HHH10001115: Connection pool size: 20 (min=1)
2025-03-27 16:50:16 [main] INFO  org.hibernate.id.enhanced.TableGenerator - HHH000398: Explicit segment value for id generator [hibernate_sequences.sequence_name] suggested; using default [default]
2025-03-27 16:50:16 [main] INFO  org.hibernate.engine.transaction.jta.platform.internal.JtaPlatformInitiator - HHH000489: No JTA platform available (set 'hibernate.transaction.jta.platform' to enable JTA platform integration)
2025-03-27 16:50:16 [main] INFO  org.hibernate.orm.connections.access - HHH10001501: Connection obtained from JdbcConnectionAccess [org.hibernate.engine.jdbc.env.internal.JdbcEnvironmentInitiator$ConnectionProviderJdbcConnectionAccess@79bf39e5] for (non-JTA) DDL execution was not in auto-commit mode; the Connection 'local transaction' will be committed and the Connection will be set into auto-commit mode.
2025-03-27 16:54:48 [main] INFO  org.hibernate.jpa.internal.util.LogHelper - HHH000204: Processing PersistenceUnitInfo [name: myPersistenceUnit]
2025-03-27 16:54:48 [main] INFO  org.hibernate.Version - HHH000412: Hibernate ORM core version 6.2.18.Final
2025-03-27 16:54:48 [main] INFO  org.hibernate.cfg.Environment - HHH000406: Using bytecode reflection optimizer
2025-03-27 16:54:48 [main] WARN  org.hibernate.orm.connections.pooling - HHH10001002: Using built-in connection pool (not intended for production use)
2025-03-27 16:54:48 [main] INFO  org.hibernate.orm.connections.pooling - HHH10001005: Loaded JDBC driver class: org.postgresql.Driver
2025-03-27 16:54:48 [main] INFO  org.hibernate.orm.connections.pooling - HHH10001012: Connecting with JDBC URL [jdbc:postgresql://172.16.1.195:5331/dbhdemo]
2025-03-27 16:54:48 [main] INFO  org.hibernate.orm.connections.pooling - HHH10001001: Connection properties: {user=dbhuser, password=****}
2025-03-27 16:54:48 [main] INFO  org.hibernate.orm.connections.pooling - HHH10001003: Autocommit mode: false
2025-03-27 16:54:48 [main] INFO  org.hibernate.orm.connections.pooling - HHH10001115: Connection pool size: 20 (min=1)
2025-03-27 16:54:49 [main] INFO  org.hibernate.id.enhanced.TableGenerator - HHH000398: Explicit segment value for id generator [hibernate_sequences.sequence_name] suggested; using default [default]
2025-03-27 16:54:51 [main] INFO  org.hibernate.engine.transaction.jta.platform.internal.JtaPlatformInitiator - HHH000489: No JTA platform available (set 'hibernate.transaction.jta.platform' to enable JTA platform integration)
2025-03-27 16:54:51 [main] INFO  org.hibernate.orm.connections.access - HHH10001501: Connection obtained from JdbcConnectionAccess [org.hibernate.engine.jdbc.env.internal.JdbcEnvironmentInitiator$ConnectionProviderJdbcConnectionAccess@45b7c97f] for (non-JTA) DDL execution was not in auto-commit mode; the Connection 'local transaction' will be committed and the Connection will be set into auto-commit mode.
2025-03-27 16:54:51 [main] INFO  org.hibernate.jpa.internal.util.LogHelper - HHH000204: Processing PersistenceUnitInfo [name: myPersistenceUnit]
2025-03-27 16:54:52 [main] WARN  org.hibernate.orm.connections.pooling - HHH10001002: Using built-in connection pool (not intended for production use)
2025-03-27 16:54:52 [main] INFO  org.hibernate.orm.connections.pooling - HHH10001005: Loaded JDBC driver class: org.postgresql.Driver
2025-03-27 16:54:52 [main] INFO  org.hibernate.orm.connections.pooling - HHH10001012: Connecting with JDBC URL [jdbc:postgresql://172.16.1.195:5331/dbhdemo]
2025-03-27 16:54:52 [main] INFO  org.hibernate.orm.connections.pooling - HHH10001001: Connection properties: {user=dbhuser, password=****}
2025-03-27 16:54:52 [main] INFO  org.hibernate.orm.connections.pooling - HHH10001003: Autocommit mode: false
2025-03-27 16:54:52 [main] INFO  org.hibernate.orm.connections.pooling - HHH10001115: Connection pool size: 20 (min=1)
2025-03-27 16:54:52 [main] INFO  org.hibernate.id.enhanced.TableGenerator - HHH000398: Explicit segment value for id generator [hibernate_sequences.sequence_name] suggested; using default [default]
2025-03-27 16:54:52 [main] INFO  org.hibernate.engine.transaction.jta.platform.internal.JtaPlatformInitiator - HHH000489: No JTA platform available (set 'hibernate.transaction.jta.platform' to enable JTA platform integration)
2025-03-27 16:54:52 [main] INFO  org.hibernate.orm.connections.access - HHH10001501: Connection obtained from JdbcConnectionAccess [org.hibernate.engine.jdbc.env.internal.JdbcEnvironmentInitiator$ConnectionProviderJdbcConnectionAccess@2cd5b19c] for (non-JTA) DDL execution was not in auto-commit mode; the Connection 'local transaction' will be committed and the Connection will be set into auto-commit mode.
2025-03-27 16:54:52 [main] INFO  org.hibernate.jpa.internal.util.LogHelper - HHH000204: Processing PersistenceUnitInfo [name: myPersistenceUnit]
2025-03-27 16:54:52 [main] WARN  org.hibernate.orm.connections.pooling - HHH10001002: Using built-in connection pool (not intended for production use)
2025-03-27 16:54:52 [main] INFO  org.hibernate.orm.connections.pooling - HHH10001005: Loaded JDBC driver class: org.postgresql.Driver
2025-03-27 16:54:52 [main] INFO  org.hibernate.orm.connections.pooling - HHH10001012: Connecting with JDBC URL [jdbc:postgresql://172.16.1.195:5331/dbhdemo]
2025-03-27 16:54:52 [main] INFO  org.hibernate.orm.connections.pooling - HHH10001001: Connection properties: {user=dbhuser, password=****}
2025-03-27 16:54:52 [main] INFO  org.hibernate.orm.connections.pooling - HHH10001003: Autocommit mode: false
2025-03-27 16:54:52 [main] INFO  org.hibernate.orm.connections.pooling - HHH10001115: Connection pool size: 20 (min=1)
2025-03-27 16:54:52 [main] INFO  org.hibernate.id.enhanced.TableGenerator - HHH000398: Explicit segment value for id generator [hibernate_sequences.sequence_name] suggested; using default [default]
2025-03-27 16:54:53 [main] INFO  org.hibernate.engine.transaction.jta.platform.internal.JtaPlatformInitiator - HHH000489: No JTA platform available (set 'hibernate.transaction.jta.platform' to enable JTA platform integration)
2025-03-27 16:54:53 [main] INFO  org.hibernate.orm.connections.access - HHH10001501: Connection obtained from JdbcConnectionAccess [org.hibernate.engine.jdbc.env.internal.JdbcEnvironmentInitiator$ConnectionProviderJdbcConnectionAccess@53c40ed6] for (non-JTA) DDL execution was not in auto-commit mode; the Connection 'local transaction' will be committed and the Connection will be set into auto-commit mode.
2025-03-27 16:54:53 [main] INFO  org.hibernate.jpa.internal.util.LogHelper - HHH000204: Processing PersistenceUnitInfo [name: myPersistenceUnit]
2025-03-27 16:54:53 [main] WARN  org.hibernate.orm.connections.pooling - HHH10001002: Using built-in connection pool (not intended for production use)
2025-03-27 16:54:53 [main] INFO  org.hibernate.orm.connections.pooling - HHH10001005: Loaded JDBC driver class: org.postgresql.Driver
2025-03-27 16:54:53 [main] INFO  org.hibernate.orm.connections.pooling - HHH10001012: Connecting with JDBC URL [jdbc:postgresql://172.16.1.195:5331/dbhdemo]
2025-03-27 16:54:53 [main] INFO  org.hibernate.orm.connections.pooling - HHH10001001: Connection properties: {user=dbhuser, password=****}
2025-03-27 16:54:53 [main] INFO  org.hibernate.orm.connections.pooling - HHH10001003: Autocommit mode: false
2025-03-27 16:54:53 [main] INFO  org.hibernate.orm.connections.pooling - HHH10001115: Connection pool size: 20 (min=1)
2025-03-27 16:54:53 [main] INFO  org.hibernate.id.enhanced.TableGenerator - HHH000398: Explicit segment value for id generator [hibernate_sequences.sequence_name] suggested; using default [default]
2025-03-27 16:54:53 [main] INFO  org.hibernate.engine.transaction.jta.platform.internal.JtaPlatformInitiator - HHH000489: No JTA platform available (set 'hibernate.transaction.jta.platform' to enable JTA platform integration)
2025-03-27 16:54:53 [main] INFO  org.hibernate.orm.connections.access - HHH10001501: Connection obtained from JdbcConnectionAccess [org.hibernate.engine.jdbc.env.internal.JdbcEnvironmentInitiator$ConnectionProviderJdbcConnectionAccess@79bf39e5] for (non-JTA) DDL execution was not in auto-commit mode; the Connection 'local transaction' will be committed and the Connection will be set into auto-commit mode.
2025-03-27 16:57:01 [main] INFO  org.hibernate.jpa.internal.util.LogHelper - HHH000204: Processing PersistenceUnitInfo [name: myPersistenceUnit]
2025-03-27 16:57:02 [main] INFO  org.hibernate.Version - HHH000412: Hibernate ORM core version 6.2.18.Final
2025-03-27 16:57:02 [main] INFO  org.hibernate.cfg.Environment - HHH000406: Using bytecode reflection optimizer
2025-03-27 16:57:02 [main] WARN  org.hibernate.orm.connections.pooling - HHH10001002: Using built-in connection pool (not intended for production use)
2025-03-27 16:57:02 [main] INFO  org.hibernate.orm.connections.pooling - HHH10001005: Loaded JDBC driver class: org.postgresql.Driver
2025-03-27 16:57:02 [main] INFO  org.hibernate.orm.connections.pooling - HHH10001012: Connecting with JDBC URL [jdbc:postgresql://172.16.1.195:5331/dbhdemo]
2025-03-27 16:57:02 [main] INFO  org.hibernate.orm.connections.pooling - HHH10001001: Connection properties: {user=dbhuser, password=****}
2025-03-27 16:57:02 [main] INFO  org.hibernate.orm.connections.pooling - HHH10001003: Autocommit mode: false
2025-03-27 16:57:02 [main] INFO  org.hibernate.orm.connections.pooling - HHH10001115: Connection pool size: 20 (min=1)
2025-03-27 16:57:03 [main] INFO  org.hibernate.id.enhanced.TableGenerator - HHH000398: Explicit segment value for id generator [hibernate_sequences.sequence_name] suggested; using default [default]
2025-03-27 16:57:04 [main] INFO  org.hibernate.engine.transaction.jta.platform.internal.JtaPlatformInitiator - HHH000489: No JTA platform available (set 'hibernate.transaction.jta.platform' to enable JTA platform integration)
2025-03-27 16:57:05 [main] INFO  org.hibernate.orm.connections.access - HHH10001501: Connection obtained from JdbcConnectionAccess [org.hibernate.engine.jdbc.env.internal.JdbcEnvironmentInitiator$ConnectionProviderJdbcConnectionAccess@45b7c97f] for (non-JTA) DDL execution was not in auto-commit mode; the Connection 'local transaction' will be committed and the Connection will be set into auto-commit mode.
2025-03-27 16:57:05 [main] INFO  org.hibernate.jpa.internal.util.LogHelper - HHH000204: Processing PersistenceUnitInfo [name: myPersistenceUnit]
2025-03-27 16:57:05 [main] WARN  org.hibernate.orm.connections.pooling - HHH10001002: Using built-in connection pool (not intended for production use)
2025-03-27 16:57:05 [main] INFO  org.hibernate.orm.connections.pooling - HHH10001005: Loaded JDBC driver class: org.postgresql.Driver
2025-03-27 16:57:05 [main] INFO  org.hibernate.orm.connections.pooling - HHH10001012: Connecting with JDBC URL [jdbc:postgresql://172.16.1.195:5331/dbhdemo]
2025-03-27 16:57:05 [main] INFO  org.hibernate.orm.connections.pooling - HHH10001001: Connection properties: {user=dbhuser, password=****}
2025-03-27 16:57:05 [main] INFO  org.hibernate.orm.connections.pooling - HHH10001003: Autocommit mode: false
2025-03-27 16:57:05 [main] INFO  org.hibernate.orm.connections.pooling - HHH10001115: Connection pool size: 20 (min=1)
2025-03-27 16:57:06 [main] INFO  org.hibernate.id.enhanced.TableGenerator - HHH000398: Explicit segment value for id generator [hibernate_sequences.sequence_name] suggested; using default [default]
2025-03-27 16:57:06 [main] INFO  org.hibernate.engine.transaction.jta.platform.internal.JtaPlatformInitiator - HHH000489: No JTA platform available (set 'hibernate.transaction.jta.platform' to enable JTA platform integration)
2025-03-27 16:57:06 [main] INFO  org.hibernate.orm.connections.access - HHH10001501: Connection obtained from JdbcConnectionAccess [org.hibernate.engine.jdbc.env.internal.JdbcEnvironmentInitiator$ConnectionProviderJdbcConnectionAccess@2cd5b19c] for (non-JTA) DDL execution was not in auto-commit mode; the Connection 'local transaction' will be committed and the Connection will be set into auto-commit mode.
2025-03-27 16:57:06 [main] INFO  org.hibernate.jpa.internal.util.LogHelper - HHH000204: Processing PersistenceUnitInfo [name: myPersistenceUnit]
2025-03-27 16:57:06 [main] WARN  org.hibernate.orm.connections.pooling - HHH10001002: Using built-in connection pool (not intended for production use)
2025-03-27 16:57:06 [main] INFO  org.hibernate.orm.connections.pooling - HHH10001005: Loaded JDBC driver class: org.postgresql.Driver
2025-03-27 16:57:06 [main] INFO  org.hibernate.orm.connections.pooling - HHH10001012: Connecting with JDBC URL [jdbc:postgresql://172.16.1.195:5331/dbhdemo]
2025-03-27 16:57:06 [main] INFO  org.hibernate.orm.connections.pooling - HHH10001001: Connection properties: {user=dbhuser, password=****}
2025-03-27 16:57:06 [main] INFO  org.hibernate.orm.connections.pooling - HHH10001003: Autocommit mode: false
2025-03-27 16:57:06 [main] INFO  org.hibernate.orm.connections.pooling - HHH10001115: Connection pool size: 20 (min=1)
2025-03-27 16:57:06 [main] INFO  org.hibernate.id.enhanced.TableGenerator - HHH000398: Explicit segment value for id generator [hibernate_sequences.sequence_name] suggested; using default [default]
2025-03-27 16:57:06 [main] INFO  org.hibernate.engine.transaction.jta.platform.internal.JtaPlatformInitiator - HHH000489: No JTA platform available (set 'hibernate.transaction.jta.platform' to enable JTA platform integration)
2025-03-27 16:57:06 [main] INFO  org.hibernate.orm.connections.access - HHH10001501: Connection obtained from JdbcConnectionAccess [org.hibernate.engine.jdbc.env.internal.JdbcEnvironmentInitiator$ConnectionProviderJdbcConnectionAccess@53c40ed6] for (non-JTA) DDL execution was not in auto-commit mode; the Connection 'local transaction' will be committed and the Connection will be set into auto-commit mode.
2025-03-27 16:57:06 [main] INFO  org.hibernate.jpa.internal.util.LogHelper - HHH000204: Processing PersistenceUnitInfo [name: myPersistenceUnit]
2025-03-27 16:57:07 [main] WARN  org.hibernate.orm.connections.pooling - HHH10001002: Using built-in connection pool (not intended for production use)
2025-03-27 16:57:07 [main] INFO  org.hibernate.orm.connections.pooling - HHH10001005: Loaded JDBC driver class: org.postgresql.Driver
2025-03-27 16:57:07 [main] INFO  org.hibernate.orm.connections.pooling - HHH10001012: Connecting with JDBC URL [jdbc:postgresql://172.16.1.195:5331/dbhdemo]
2025-03-27 16:57:07 [main] INFO  org.hibernate.orm.connections.pooling - HHH10001001: Connection properties: {user=dbhuser, password=****}
2025-03-27 16:57:07 [main] INFO  org.hibernate.orm.connections.pooling - HHH10001003: Autocommit mode: false
2025-03-27 16:57:07 [main] INFO  org.hibernate.orm.connections.pooling - HHH10001115: Connection pool size: 20 (min=1)
2025-03-27 16:57:07 [main] INFO  org.hibernate.id.enhanced.TableGenerator - HHH000398: Explicit segment value for id generator [hibernate_sequences.sequence_name] suggested; using default [default]
2025-03-27 16:57:07 [main] INFO  org.hibernate.engine.transaction.jta.platform.internal.JtaPlatformInitiator - HHH000489: No JTA platform available (set 'hibernate.transaction.jta.platform' to enable JTA platform integration)
2025-03-27 16:57:07 [main] INFO  org.hibernate.orm.connections.access - HHH10001501: Connection obtained from JdbcConnectionAccess [org.hibernate.engine.jdbc.env.internal.JdbcEnvironmentInitiator$ConnectionProviderJdbcConnectionAccess@79bf39e5] for (non-JTA) DDL execution was not in auto-commit mode; the Connection 'local transaction' will be committed and the Connection will be set into auto-commit mode.
