2025-03-20 13:08:09 [main] INFO  Main - Application started..
2025-03-20 13:08:49 [main] INFO  Main - Application started..
2025-03-20 13:08:52 [main] WARN  Main - Exiting...
2025-03-20 13:17:32 [main] WARN  Main - Invalid choice. Please try again.
2025-03-20 13:17:43 [main] ERROR Main - null
2025-03-20 13:18:11 [main] ERROR Main - null
2025-03-20 20:13:18 [main] INFO  Main - Application started..
2025-03-20 20:13:34 [main] ERROR Main - Error in main method: 
java.util.InputMismatchException: null
	at java.base/java.util.Scanner.throwFor(Scanner.java:947) ~[?:?]
	at java.base/java.util.Scanner.next(Scanner.java:1602) ~[?:?]
	at java.base/java.util.Scanner.nextInt(Scanner.java:2267) ~[?:?]
	at java.base/java.util.Scanner.nextInt(Scanner.java:2221) ~[?:?]
	at com.foodorder.app.Main.main(Main.java:38) [classes/:?]
2025-03-20 20:13:34 [main] INFO  Main - Application started..
2025-03-20 20:14:46 [main] INFO  Main - Application started..
2025-03-20 20:14:49 [main] INFO  Main - Application started..
2025-03-20 20:17:02 [main] INFO  Main - Application started..
2025-03-20 20:17:04 [main] INFO  Main - Application started..
2025-03-20 20:19:36 [main] INFO  Main - Application started..
2025-03-20 20:19:37 [main] ERROR Main - Error in main method: 
java.util.InputMismatchException: null
	at java.base/java.util.Scanner.throwFor(Scanner.java:947) ~[?:?]
	at java.base/java.util.Scanner.next(Scanner.java:1602) ~[?:?]
	at java.base/java.util.Scanner.nextInt(Scanner.java:2267) ~[?:?]
	at java.base/java.util.Scanner.nextInt(Scanner.java:2221) ~[?:?]
	at com.foodorder.app.Main.main(Main.java:39) [classes/:?]
2025-03-20 20:19:37 [main] INFO  Main - Application started..
2025-03-20 20:19:42 [main] WARN  Main - Invalid choice. Please try again.
2025-03-20 20:19:42 [main] INFO  Main - Application started..
2025-03-20 20:19:47 [main] WARN  Main - Invalid choice. Please try again.
2025-03-20 20:19:47 [main] INFO  Main - Application started..
2025-03-20 20:21:16 [main] INFO  Main - Application started..
2025-03-20 20:21:18 [main] INFO  Main - Application started..
2025-03-20 20:21:21 [main] ERROR Main - Error in main method: 
java.util.InputMismatchException: null
	at java.base/java.util.Scanner.throwFor(Scanner.java:947) ~[?:?]
	at java.base/java.util.Scanner.next(Scanner.java:1602) ~[?:?]
	at java.base/java.util.Scanner.nextInt(Scanner.java:2267) ~[?:?]
	at java.base/java.util.Scanner.nextInt(Scanner.java:2221) ~[?:?]
	at com.foodorder.app.Main.main(Main.java:39) [classes/:?]
2025-03-20 20:21:21 [main] INFO  Main - Application started..
2025-03-20 20:21:25 [main] ERROR Main - Error in main method: 
java.util.InputMismatchException: null
	at java.base/java.util.Scanner.throwFor(Scanner.java:947) ~[?:?]
	at java.base/java.util.Scanner.next(Scanner.java:1602) ~[?:?]
	at java.base/java.util.Scanner.nextInt(Scanner.java:2267) ~[?:?]
	at java.base/java.util.Scanner.nextInt(Scanner.java:2221) ~[?:?]
	at com.foodorder.app.Main.main(Main.java:39) [classes/:?]
2025-03-20 20:21:25 [main] INFO  Main - Application started..
2025-03-20 20:21:29 [main] ERROR Main - Error in main method: 
java.util.InputMismatchException: null
	at java.base/java.util.Scanner.throwFor(Scanner.java:947) ~[?:?]
	at java.base/java.util.Scanner.next(Scanner.java:1602) ~[?:?]
	at java.base/java.util.Scanner.nextInt(Scanner.java:2267) ~[?:?]
	at java.base/java.util.Scanner.nextInt(Scanner.java:2221) ~[?:?]
	at com.foodorder.app.Main.main(Main.java:39) [classes/:?]
2025-03-20 20:21:29 [main] INFO  Main - Application started..
2025-03-20 20:21:32 [main] INFO  Main - Application started..
2025-03-20 20:21:34 [main] ERROR Main - Error in main method: 
java.util.InputMismatchException: null
	at java.base/java.util.Scanner.throwFor(Scanner.java:947) ~[?:?]
	at java.base/java.util.Scanner.next(Scanner.java:1602) ~[?:?]
	at java.base/java.util.Scanner.nextInt(Scanner.java:2267) ~[?:?]
	at java.base/java.util.Scanner.nextInt(Scanner.java:2221) ~[?:?]
	at com.foodorder.app.Main.main(Main.java:39) [classes/:?]
2025-03-20 20:21:34 [main] INFO  Main - Application started..
2025-03-20 20:45:33 [main] INFO  Main - Application started..
2025-03-20 20:45:46 [main] INFO  Main - Application started..
2025-03-20 20:56:32 [main] INFO  Main - Application started..
2025-03-20 20:56:48 [main] INFO  Main - Application started..
2025-03-20 21:25:21 [main] INFO  Main - Application started..
2025-03-20 21:25:25 [main] INFO  Main - Application started..
2025-03-20 21:25:45 [main] INFO  Main - Application started..
2025-03-20 21:25:54 [main] INFO  Main - Application started..
2025-03-21 15:27:00 [main] INFO  Main - Application started..
2025-03-21 15:27:36 [main] INFO  Main - Application started..
2025-03-21 15:27:50 [main] INFO  Main - Application started..
2025-03-21 15:28:02 [main] INFO  Main - Application started..
2025-03-21 15:48:30 [main] INFO  Main - Application started..
2025-03-21 15:48:37 [main] INFO  Main - Application started..
2025-03-21 15:48:54 [main] INFO  Main - Application started..
2025-03-21 15:49:19 [main] INFO  Main - Application started..
